<?xml version="1.0" encoding="UTF-8"?>
<!-- Generated by org.testng.reporters.JUnitReportReporter -->
<testsuite hostname="DESKTOP-GRUJ0M8" failures="0" tests="4" name="runner.LoginTestRunner2" time="42.074" errors="0" timestamp="2024-07-27T08:46:03 IST" skipped="0">
  <testcase classname="runner.LoginTestRunner2" name="runScenario" time="11.019">
    <system-out>
      <![CDATA[Launching the browser using the URL:=https://www.demoblaze.com/index.html
Setting the text of the element:=By.id: loginusername with data:=bharathedu1
Setting the text of the element:=By.id: loginpassword with data:=123456
Clicking on the element with locator:=By.xpath: //button[text()='Log in']]]>
    </system-out>
  </testcase> <!-- runScenario -->
  <testcase classname="runner.LoginTestRunner2" name="runScenario" time="9.954">
    <system-out>
      <![CDATA[Launching the browser using the URL:=https://www.demoblaze.com/index.html
Setting the text of the element:=By.id: loginusername with data:=bharathedu1
Setting the text of the element:=By.id: loginpassword with data:=123456343
Clicking on the element with locator:=By.xpath: //button[text()='Log in']]]>
    </system-out>
  </testcase> <!-- runScenario -->
  <testcase classname="runner.LoginTestRunner2" name="runScenario" time="10.211">
    <system-out>
      <![CDATA[Launching the browser using the URL:=https://www.demoblaze.com/index.html
Setting the text of the element:=By.id: loginusername with data:=bharathedu1
Setting the text of the element:=By.id: loginpassword with data:=123456
Clicking on the element with locator:=By.xpath: //button[text()='Log in']]]>
    </system-out>
  </testcase> <!-- runScenario -->
  <testcase classname="runner.LoginTestRunner2" name="runScenario" time="10.890">
    <system-out>
      <![CDATA[Launching the browser using the URL:=https://www.demoblaze.com/index.html
Setting the text of the element:=By.id: loginusername with data:=bharathedu2
Setting the text of the element:=By.id: loginpassword with data:=welcome1
Clicking on the element with locator:=By.xpath: //button[text()='Log in']]]>
    </system-out>
  </testcase> <!-- runScenario -->
  <system-out>
    <![CDATA[Launching the browser using the URL:=https://www.demoblaze.com/index.html
Setting the text of the element:=By.id: loginusername with data:=bharathedu1
Setting the text of the element:=By.id: loginpassword with data:=123456
Clicking on the element with locator:=By.xpath: //button[text()='Log in']
Launching the browser using the URL:=https://www.demoblaze.com/index.html
Setting the text of the element:=By.id: loginusername with data:=bharathedu1
Setting the text of the element:=By.id: loginpassword with data:=123456343
Clicking on the element with locator:=By.xpath: //button[text()='Log in']
Launching the browser using the URL:=https://www.demoblaze.com/index.html
Setting the text of the element:=By.id: loginusername with data:=bharathedu1
Setting the text of the element:=By.id: loginpassword with data:=123456
Clicking on the element with locator:=By.xpath: //button[text()='Log in']
Launching the browser using the URL:=https://www.demoblaze.com/index.html
Setting the text of the element:=By.id: loginusername with data:=bharathedu2
Setting the text of the element:=By.id: loginpassword with data:=welcome1
Clicking on the element with locator:=By.xpath: //button[text()='Log in']]]>
  </system-out>
</testsuite> <!-- runner.LoginTestRunner2 -->
