<?xml version="1.0" encoding="UTF-8"?>
<!-- Generated by org.testng.reporters.JUnitReportReporter -->
<testsuite hostname="DESKTOP-GRUJ0M8" failures="0" tests="2" name="runner.TestFiles" time="0.028" errors="0" timestamp="2024-07-27T08:54:11 IST" skipped="0">
  <testcase classname="runner.TestFiles" name="t2" time="0.006"/>
  <testcase classname="runner.TestFiles" name="t1" time="0.022"/>
</testsuite> <!-- runner.TestFiles -->
